<?xml version="1.0" encoding="UTF-8"?>
<testsuite xmlns:xsi="http://www.w3.org/2001/XMLSchema-instance" xsi:noNamespaceSchemaLocation="https://maven.apache.org/surefire/maven-surefire-plugin/xsd/surefire-test-report.xsd" name="org.nhind.xdr.XDRTest" time="0.405" tests="2" errors="0" skipped="0" failures="0">
  <properties>
[...]
</properties>
  <testcase name="testDocumentRepositoryProvideAndRegisterDocumentSetB" classname="org.nhind.xdr.XDRTest" time="0.402"/>
  <testcase name="testDocumentRepositoryRetrieveDocumentSet" classname="org.nhind.xdr.XDRTest" time="0.002"/>
</testsuite>